<?xml version="1.0" encoding="UTF-8"?>
<testng-results ignored="0" total="1" passed="1" failed="0" skipped="0">
  <reporter-output>
  </reporter-output>
  <suite started-at="2023-03-17T19:48:28 MDT" name="Default suite" finished-at="2023-03-17T19:48:36 MDT" duration-ms="8628">
    <groups>
      <group name="cucumber">
        <method signature="AbstractTestNGCucumberTests.feature(cucumber.api.testng.CucumberFeatureWrapper)[pri:0, instance:FinalProjectTestRunner.FinalProjectRunner@35841320]" name="feature" class="cucumber.api.testng.AbstractTestNGCucumberTests"/>
      </group> <!-- cucumber -->
    </groups>
    <test started-at="2023-03-17T19:48:28 MDT" name="Default test" finished-at="2023-03-17T19:48:36 MDT" duration-ms="8628">
      <class name="FinalProjectTestRunner.FinalProjectRunner">
        <test-method is-config="true" signature="FinalProject2OpenURL()[pri:0, instance:FinalProjectTestRunner.FinalProjectRunner@35841320]" started-at="2023-03-17T19:48:28 MDT" name="FinalProject2OpenURL" finished-at="2023-03-17T19:48:32 MDT" duration-ms="4570" status="PASS">
          <reporter-output>
          </reporter-output>
        </test-method> <!-- FinalProject2OpenURL -->
        <test-method is-config="true" signature="setUpClass()[pri:0, instance:FinalProjectTestRunner.FinalProjectRunner@35841320]" started-at="2023-03-17T19:48:32 MDT" name="setUpClass" finished-at="2023-03-17T19:48:33 MDT" duration-ms="319" status="PASS">
          <reporter-output>
          </reporter-output>
        </test-method> <!-- setUpClass -->
        <test-method signature="feature(cucumber.api.testng.CucumberFeatureWrapper)[pri:0, instance:FinalProjectTestRunner.FinalProjectRunner@35841320]" started-at="2023-03-17T19:48:33 MDT" name="feature" description="Runs Cucumber Feature" data-provider="features" finished-at="2023-03-17T19:48:36 MDT" duration-ms="3109" status="PASS">
          <params>
            <param index="0">
              <value>
                <![CDATA[This is FinalProject2 Sign up Functionality]]>
              </value>
            </param>
          </params>
          <reporter-output>
          </reporter-output>
        </test-method> <!-- feature -->
        <test-method is-config="true" signature="tearDownClass()[pri:0, instance:FinalProjectTestRunner.FinalProjectRunner@35841320]" started-at="2023-03-17T19:48:36 MDT" name="tearDownClass" finished-at="2023-03-17T19:48:36 MDT" duration-ms="38" status="PASS">
          <reporter-output>
          </reporter-output>
        </test-method> <!-- tearDownClass -->
        <test-method is-config="true" signature="FinalProject2CloseURL()[pri:0, instance:FinalProjectTestRunner.FinalProjectRunner@35841320]" started-at="2023-03-17T19:48:36 MDT" name="FinalProject2CloseURL" finished-at="2023-03-17T19:48:36 MDT" duration-ms="369" status="PASS">
          <reporter-output>
          </reporter-output>
        </test-method> <!-- FinalProject2CloseURL -->
      </class> <!-- FinalProjectTestRunner.FinalProjectRunner -->
    </test> <!-- Default test -->
  </suite> <!-- Default suite -->
</testng-results>
